<?xml version="1.0" encoding="UTF-8"?>
<!-- Generated by org.testng.reporters.JUnitXMLReporter -->
<testsuite hostname="SAG-CFT52X2" ignored="0" name="gohighlevelTest" tests="2" failures="0" timestamp="18 Feb 2021 17:48:34 GMT" time="21.419" errors="0">
  <testcase name="verifyEditCalendarPageOpensUp" time="1.955" classname="com.gohighlevel.web.selenium.tests.Calendar.OptimizeAppointment"/>
  <testcase name="verifyTeamMembersInCalendar" time="0.072" classname="com.gohighlevel.web.selenium.tests.Calendar.OptimizeAppointment"/>
</testsuite> <!-- gohighlevelTest -->
