<?xml version="1.0" encoding="UTF-8"?>
<testng-results skipped="0" failed="0" ignored="0" total="2" passed="2">
  <reporter-output>
  </reporter-output>
  <suite name="gohighlevelTestingSuite" duration-ms="21419" started-at="2021-02-18T17:48:12Z" finished-at="2021-02-18T17:48:34Z">
    <groups>
    </groups>
    <test name="gohighlevelTest" duration-ms="21419" started-at="2021-02-18T17:48:12Z" finished-at="2021-02-18T17:48:34Z">
      <class name="com.gohighlevel.web.selenium.tests.Calendar.OptimizeAppointment">
        <test-method status="PASS" signature="beforeClass()[pri:0, instance:com.gohighlevel.web.selenium.tests.Calendar.OptimizeAppointment@617c74e5]" name="beforeClass" is-config="true" duration-ms="18564" started-at="2021-02-18T17:48:12Z" finished-at="2021-02-18T17:48:31Z">
          <reporter-output>
          </reporter-output>
        </test-method> <!-- beforeClass -->
        <test-method status="PASS" signature="verifyEditCalendarPageOpensUp()[pri:0, instance:com.gohighlevel.web.selenium.tests.Calendar.OptimizeAppointment@617c74e5]" name="verifyEditCalendarPageOpensUp" duration-ms="1955" started-at="2021-02-18T17:48:31Z" finished-at="2021-02-18T17:48:33Z">
          <reporter-output>
          </reporter-output>
        </test-method> <!-- verifyEditCalendarPageOpensUp -->
        <test-method status="PASS" signature="verifyTeamMembersInCalendar()[pri:0, instance:com.gohighlevel.web.selenium.tests.Calendar.OptimizeAppointment@617c74e5]" name="verifyTeamMembersInCalendar" duration-ms="72" started-at="2021-02-18T17:48:33Z" finished-at="2021-02-18T17:48:33Z">
          <reporter-output>
          </reporter-output>
        </test-method> <!-- verifyTeamMembersInCalendar -->
        <test-method status="PASS" signature="tearDown()[pri:0, instance:com.gohighlevel.web.selenium.tests.Calendar.OptimizeAppointment@617c74e5]" name="tearDown" is-config="true" duration-ms="801" started-at="2021-02-18T17:48:33Z" finished-at="2021-02-18T17:48:34Z">
          <reporter-output>
          </reporter-output>
        </test-method> <!-- tearDown -->
      </class> <!-- com.gohighlevel.web.selenium.tests.Calendar.OptimizeAppointment -->
    </test> <!-- gohighlevelTest -->
  </suite> <!-- gohighlevelTestingSuite -->
</testng-results>
